[     524ms] [WARNING] Allow attribute will take precedence over 'allowfullscreen'. @ http://localhost:8080/preview:749
[     702ms] [WARNING] Platform browser has already been set. Overwriting the platform with [object Object]. @ https://cdn.jsdelivr.net/npm/nsfwjs@2.4.2/dist/nsfwjs.min.js:6545
[     708ms] [WARNING] cpu backend was already registered. Reusing existing backend factory. @ https://cdn.jsdelivr.net/npm/nsfwjs@2.4.2/dist/nsfwjs.min.js:6676
[     708ms] [WARNING] The kernel '_FusedMatMul' for backend 'cpu' is already registered @ https://cdn.jsdelivr.net/npm/@tensorflow/tfjs@3.21.0/dist/tf.min.js:16
[     708ms] [WARNING] The kernel 'Abs' for backend 'cpu' is already registered @ https://cdn.jsdelivr.net/npm/@tensorflow/tfjs@3.21.0/dist/tf.min.js:16
[     708ms] [WARNING] The kernel 'Acos' for backend 'cpu' is already registered @ https://cdn.jsdelivr.net/npm/@tensorflow/tfjs@3.21.0/dist/tf.min.js:16
[     708ms] [WARNING] The kernel 'Acosh' for backend 'cpu' is already registered @ https://cdn.jsdelivr.net/npm/@tensorflow/tfjs@3.21.0/dist/tf.min.js:16
[     708ms] [WARNING] The kernel 'Add' for backend 'cpu' is already registered @ https://cdn.jsdelivr.net/npm/@tensorflow/tfjs@3.21.0/dist/tf.min.js:16
[     708ms] [WARNING] The kernel 'AddN' for backend 'cpu' is already registered @ https://cdn.jsdelivr.net/npm/@tensorflow/tfjs@3.21.0/dist/tf.min.js:16
[     708ms] [WARNING] The kernel 'All' for backend 'cpu' is already registered @ https://cdn.jsdelivr.net/npm/@tensorflow/tfjs@3.21.0/dist/tf.min.js:16
[     708ms] [WARNING] The kernel 'Any' for backend 'cpu' is already registered @ https://cdn.jsdelivr.net/npm/@tensorflow/tfjs@3.21.0/dist/tf.min.js:16
[     708ms] [WARNING] The kernel 'ArgMax' for backend 'cpu' is already registered @ https://cdn.jsdelivr.net/npm/@tensorflow/tfjs@3.21.0/dist/tf.min.js:16
[     708ms] [WARNING] The kernel 'ArgMin' for backend 'cpu' is already registered @ https://cdn.jsdelivr.net/npm/@tensorflow/tfjs@3.21.0/dist/tf.min.js:16
[     708ms] [WARNING] The kernel 'Asin' for backend 'cpu' is already registered @ https://cdn.jsdelivr.net/npm/@tensorflow/tfjs@3.21.0/dist/tf.min.js:16
[     708ms] [WARNING] The kernel 'Asinh' for backend 'cpu' is already registered @ https://cdn.jsdelivr.net/npm/@tensorflow/tfjs@3.21.0/dist/tf.min.js:16
[     709ms] [WARNING] The kernel 'Atan' for backend 'cpu' is already registered @ https://cdn.jsdelivr.net/npm/@tensorflow/tfjs@3.21.0/dist/tf.min.js:16
[     709ms] [WARNING] The kernel 'Atan2' for backend 'cpu' is already registered @ https://cdn.jsdelivr.net/npm/@tensorflow/tfjs@3.21.0/dist/tf.min.js:16
[     709ms] [WARNING] The kernel 'Atanh' for backend 'cpu' is already registered @ https://cdn.jsdelivr.net/npm/@tensorflow/tfjs@3.21.0/dist/tf.min.js:16
[     709ms] [WARNING] The kernel 'AvgPool' for backend 'cpu' is already registered @ https://cdn.jsdelivr.net/npm/@tensorflow/tfjs@3.21.0/dist/tf.min.js:16
[     709ms] [WARNING] The kernel 'AvgPool3D' for backend 'cpu' is already registered @ https://cdn.jsdelivr.net/npm/@tensorflow/tfjs@3.21.0/dist/tf.min.js:16
[     709ms] [WARNING] The kernel 'AvgPool3DGrad' for backend 'cpu' is already registered @ https://cdn.jsdelivr.net/npm/@tensorflow/tfjs@3.21.0/dist/tf.min.js:16
[     709ms] [WARNING] The kernel 'AvgPoolGrad' for backend 'cpu' is already registered @ https://cdn.jsdelivr.net/npm/@tensorflow/tfjs@3.21.0/dist/tf.min.js:16
[     709ms] [WARNING] The kernel 'BatchMatMul' for backend 'cpu' is already registered @ https://cdn.jsdelivr.net/npm/@tensorflow/tfjs@3.21.0/dist/tf.min.js:16
[     709ms] [WARNING] The kernel 'FusedBatchNorm' for backend 'cpu' is already registered @ https://cdn.jsdelivr.net/npm/@tensorflow/tfjs@3.21.0/dist/tf.min.js:16
[     709ms] [WARNING] The kernel 'BatchToSpaceND' for backend 'cpu' is already registered @ https://cdn.jsdelivr.net/npm/@tensorflow/tfjs@3.21.0/dist/tf.min.js:16
[     709ms] [WARNING] The kernel 'Bincount' for backend 'cpu' is already registered @ https://cdn.jsdelivr.net/npm/@tensorflow/tfjs@3.21.0/dist/tf.min.js:16
[     709ms] [WARNING] The kernel 'Cast' for backend 'cpu' is already registered @ https://cdn.jsdelivr.net/npm/@tensorflow/tfjs@3.21.0/dist/tf.min.js:16
[     709ms] [WARNING] The kernel 'Ceil' for backend 'cpu' is already registered @ https://cdn.jsdelivr.net/npm/@tensorflow/tfjs@3.21.0/dist/tf.min.js:16
[     709ms] [WARNING] The kernel 'ClipByValue' for backend 'cpu' is already registered @ https://cdn.jsdelivr.net/npm/@tensorflow/tfjs@3.21.0/dist/tf.min.js:16
[     709ms] [WARNING] The kernel 'Complex' for backend 'cpu' is already registered @ https://cdn.jsdelivr.net/npm/@tensorflow/tfjs@3.21.0/dist/tf.min.js:16
[     709ms] [WARNING] The kernel 'ComplexAbs' for backend 'cpu' is already registered @ https://cdn.jsdelivr.net/npm/@tensorflow/tfjs@3.21.0/dist/tf.min.js:16
[     709ms] [WARNING] The kernel 'Concat' for backend 'cpu' is already registered @ https://cdn.jsdelivr.net/npm/@tensorflow/tfjs@3.21.0/dist/tf.min.js:16
[     709ms] [WARNING] The kernel 'Conv2D' for backend 'cpu' is already registered @ https://cdn.jsdelivr.net/npm/@tensorflow/tfjs@3.21.0/dist/tf.min.js:16
[     710ms] [WARNING] The kernel 'Conv2DBackpropFilter' for backend 'cpu' is already registered @ https://cdn.jsdelivr.net/npm/@tensorflow/tfjs@3.21.0/dist/tf.min.js:16
[     710ms] [WARNING] The kernel 'Conv2DBackpropInput' for backend 'cpu' is already registered @ https://cdn.jsdelivr.net/npm/@tensorflow/tfjs@3.21.0/dist/tf.min.js:16
[     710ms] [WARNING] The kernel 'Conv3D' for backend 'cpu' is already registered @ https://cdn.jsdelivr.net/npm/@tensorflow/tfjs@3.21.0/dist/tf.min.js:16
[     710ms] [WARNING] The kernel 'Conv3DBackpropFilterV2' for backend 'cpu' is already registered @ https://cdn.jsdelivr.net/npm/@tensorflow/tfjs@3.21.0/dist/tf.min.js:16
[     710ms] [WARNING] The kernel 'Conv3DBackpropInputV2' for backend 'cpu' is already registered @ https://cdn.jsdelivr.net/npm/@tensorflow/tfjs@3.21.0/dist/tf.min.js:16
[     710ms] [WARNING] The kernel 'Cos' for backend 'cpu' is already registered @ https://cdn.jsdelivr.net/npm/@tensorflow/tfjs@3.21.0/dist/tf.min.js:16
[     710ms] [WARNING] The kernel 'Cosh' for backend 'cpu' is already registered @ https://cdn.jsdelivr.net/npm/@tensorflow/tfjs@3.21.0/dist/tf.min.js:16
[     710ms] [WARNING] The kernel 'CropAndResize' for backend 'cpu' is already registered @ https://cdn.jsdelivr.net/npm/@tensorflow/tfjs@3.21.0/dist/tf.min.js:16
[     710ms] [WARNING] The kernel 'Cumsum' for backend 'cpu' is already registered @ https://cdn.jsdelivr.net/npm/@tensorflow/tfjs@3.21.0/dist/tf.min.js:16
[     710ms] [WARNING] The kernel 'DenseBincount' for backend 'cpu' is already registered @ https://cdn.jsdelivr.net/npm/@tensorflow/tfjs@3.21.0/dist/tf.min.js:16
[     710ms] [WARNING] The kernel 'DepthToSpace' for backend 'cpu' is already registered @ https://cdn.jsdelivr.net/npm/@tensorflow/tfjs@3.21.0/dist/tf.min.js:16
[     710ms] [WARNING] The kernel 'DepthwiseConv2dNative' for backend 'cpu' is already registered @ https://cdn.jsdelivr.net/npm/@tensorflow/tfjs@3.21.0/dist/tf.min.js:16
[     710ms] [WARNING] The kernel 'DepthwiseConv2dNativeBackpropFilter' for backend 'cpu' is already registered @ https://cdn.jsdelivr.net/npm/@tensorflow/tfjs@3.21.0/dist/tf.min.js:16
[     710ms] [WARNING] The kernel 'DepthwiseConv2dNativeBackpropInput' for backend 'cpu' is already registered @ https://cdn.jsdelivr.net/npm/@tensorflow/tfjs@3.21.0/dist/tf.min.js:16
[     710ms] [WARNING] The kernel 'Diag' for backend 'cpu' is already registered @ https://cdn.jsdelivr.net/npm/@tensorflow/tfjs@3.21.0/dist/tf.min.js:16
[     710ms] [WARNING] The kernel 'Dilation2D' for backend 'cpu' is already registered @ https://cdn.jsdelivr.net/npm/@tensorflow/tfjs@3.21.0/dist/tf.min.js:16
[     710ms] [WARNING] The kernel 'Dilation2DBackpropFilter' for backend 'cpu' is already registered @ https://cdn.jsdelivr.net/npm/@tensorflow/tfjs@3.21.0/dist/tf.min.js:16
[     710ms] [WARNING] The kernel 'Dilation2DBackpropInput' for backend 'cpu' is already registered @ https://cdn.jsdelivr.net/npm/@tensorflow/tfjs@3.21.0/dist/tf.min.js:16
[     710ms] [WARNING] The kernel 'Einsum' for backend 'cpu' is already registered @ https://cdn.jsdelivr.net/npm/@tensorflow/tfjs@3.21.0/dist/tf.min.js:16
[     711ms] [WARNING] The kernel 'Elu' for backend 'cpu' is already registered @ https://cdn.jsdelivr.net/npm/@tensorflow/tfjs@3.21.0/dist/tf.min.js:16
[     711ms] [WARNING] The kernel 'EluGrad' for backend 'cpu' is already registered @ https://cdn.jsdelivr.net/npm/@tensorflow/tfjs@3.21.0/dist/tf.min.js:16
[     711ms] [WARNING] The kernel 'Equal' for backend 'cpu' is already registered @ https://cdn.jsdelivr.net/npm/@tensorflow/tfjs@3.21.0/dist/tf.min.js:16
[     711ms] [WARNING] The kernel 'Erf' for backend 'cpu' is already registered @ https://cdn.jsdelivr.net/npm/@tensorflow/tfjs@3.21.0/dist/tf.min.js:16
[     711ms] [WARNING] The kernel 'Exp' for backend 'cpu' is already registered @ https://cdn.jsdelivr.net/npm/@tensorflow/tfjs@3.21.0/dist/tf.min.js:16
[     711ms] [WARNING] The kernel 'ExpandDims' for backend 'cpu' is already registered @ https://cdn.jsdelivr.net/npm/@tensorflow/tfjs@3.21.0/dist/tf.min.js:16
[     711ms] [WARNING] The kernel 'Expm1' for backend 'cpu' is already registered @ https://cdn.jsdelivr.net/npm/@tensorflow/tfjs@3.21.0/dist/tf.min.js:16
[     711ms] [WARNING] The kernel 'FFT' for backend 'cpu' is already registered @ https://cdn.jsdelivr.net/npm/@tensorflow/tfjs@3.21.0/dist/tf.min.js:16
[     711ms] [WARNING] The kernel 'Fill' for backend 'cpu' is already registered @ https://cdn.jsdelivr.net/npm/@tensorflow/tfjs@3.21.0/dist/tf.min.js:16
[     711ms] [WARNING] The kernel 'FlipLeftRight' for backend 'cpu' is already registered @ https://cdn.jsdelivr.net/npm/@tensorflow/tfjs@3.21.0/dist/tf.min.js:16
[     711ms] [WARNING] The kernel 'Floor' for backend 'cpu' is already registered @ https://cdn.jsdelivr.net/npm/@tensorflow/tfjs@3.21.0/dist/tf.min.js:16
[     711ms] [WARNING] The kernel 'FloorDiv' for backend 'cpu' is already registered @ https://cdn.jsdelivr.net/npm/@tensorflow/tfjs@3.21.0/dist/tf.min.js:16
[     711ms] [WARNING] The kernel 'FusedConv2D' for backend 'cpu' is already registered @ https://cdn.jsdelivr.net/npm/@tensorflow/tfjs@3.21.0/dist/tf.min.js:16
[     711ms] [WARNING] The kernel 'FusedDepthwiseConv2D' for backend 'cpu' is already registered @ https://cdn.jsdelivr.net/npm/@tensorflow/tfjs@3.21.0/dist/tf.min.js:16
[     711ms] [WARNING] The kernel 'GatherNd' for backend 'cpu' is already registered @ https://cdn.jsdelivr.net/npm/@tensorflow/tfjs@3.21.0/dist/tf.min.js:16
[     711ms] [WARNING] The kernel 'GatherV2' for backend 'cpu' is already registered @ https://cdn.jsdelivr.net/npm/@tensorflow/tfjs@3.21.0/dist/tf.min.js:16
[     711ms] [WARNING] The kernel 'Greater' for backend 'cpu' is already registered @ https://cdn.jsdelivr.net/npm/@tensorflow/tfjs@3.21.0/dist/tf.min.js:16
[     711ms] [WARNING] The kernel 'GreaterEqual' for backend 'cpu' is already registered @ https://cdn.jsdelivr.net/npm/@tensorflow/tfjs@3.21.0/dist/tf.min.js:16
[     711ms] [WARNING] The kernel 'Identity' for backend 'cpu' is already registered @ https://cdn.jsdelivr.net/npm/@tensorflow/tfjs@3.21.0/dist/tf.min.js:16
[     712ms] [WARNING] The kernel 'IFFT' for backend 'cpu' is already registered @ https://cdn.jsdelivr.net/npm/@tensorflow/tfjs@3.21.0/dist/tf.min.js:16
[     712ms] [WARNING] The kernel 'Imag' for backend 'cpu' is already registered @ https://cdn.jsdelivr.net/npm/@tensorflow/tfjs@3.21.0/dist/tf.min.js:16
[     712ms] [WARNING] The kernel 'IsFinite' for backend 'cpu' is already registered @ https://cdn.jsdelivr.net/npm/@tensorflow/tfjs@3.21.0/dist/tf.min.js:16
[     712ms] [WARNING] The kernel 'IsInf' for backend 'cpu' is already registered @ https://cdn.jsdelivr.net/npm/@tensorflow/tfjs@3.21.0/dist/tf.min.js:16
[     712ms] [WARNING] The kernel 'IsNan' for backend 'cpu' is already registered @ https://cdn.jsdelivr.net/npm/@tensorflow/tfjs@3.21.0/dist/tf.min.js:16
[     712ms] [WARNING] The kernel 'LeakyRelu' for backend 'cpu' is already registered @ https://cdn.jsdelivr.net/npm/@tensorflow/tfjs@3.21.0/dist/tf.min.js:16
[     712ms] [WARNING] The kernel 'Less' for backend 'cpu' is already registered @ https://cdn.jsdelivr.net/npm/@tensorflow/tfjs@3.21.0/dist/tf.min.js:16
[     712ms] [WARNING] The kernel 'LessEqual' for backend 'cpu' is already registered @ https://cdn.jsdelivr.net/npm/@tensorflow/tfjs@3.21.0/dist/tf.min.js:16
[     712ms] [WARNING] The kernel 'LinSpace' for backend 'cpu' is already registered @ https://cdn.jsdelivr.net/npm/@tensorflow/tfjs@3.21.0/dist/tf.min.js:16
[     712ms] [WARNING] The kernel 'Log' for backend 'cpu' is already registered @ https://cdn.jsdelivr.net/npm/@tensorflow/tfjs@3.21.0/dist/tf.min.js:16
[     712ms] [WARNING] The kernel 'Log1p' for backend 'cpu' is already registered @ https://cdn.jsdelivr.net/npm/@tensorflow/tfjs@3.21.0/dist/tf.min.js:16
[     712ms] [WARNING] The kernel 'LogicalAnd' for backend 'cpu' is already registered @ https://cdn.jsdelivr.net/npm/@tensorflow/tfjs@3.21.0/dist/tf.min.js:16
[     712ms] [WARNING] The kernel 'LogicalNot' for backend 'cpu' is already registered @ https://cdn.jsdelivr.net/npm/@tensorflow/tfjs@3.21.0/dist/tf.min.js:16
[     712ms] [WARNING] The kernel 'LogicalOr' for backend 'cpu' is already registered @ https://cdn.jsdelivr.net/npm/@tensorflow/tfjs@3.21.0/dist/tf.min.js:16
[     712ms] [WARNING] The kernel 'LRN' for backend 'cpu' is already registered @ https://cdn.jsdelivr.net/npm/@tensorflow/tfjs@3.21.0/dist/tf.min.js:16
[     712ms] [WARNING] The kernel 'LRNGrad' for backend 'cpu' is already registered @ https://cdn.jsdelivr.net/npm/@tensorflow/tfjs@3.21.0/dist/tf.min.js:16
[     712ms] [WARNING] The kernel 'Max' for backend 'cpu' is already registered @ https://cdn.jsdelivr.net/npm/@tensorflow/tfjs@3.21.0/dist/tf.min.js:16
[     712ms] [WARNING] The kernel 'Maximum' for backend 'cpu' is already registered @ https://cdn.jsdelivr.net/npm/@tensorflow/tfjs@3.21.0/dist/tf.min.js:16
[     712ms] [WARNING] The kernel 'MaxPool' for backend 'cpu' is already registered @ https://cdn.jsdelivr.net/npm/@tensorflow/tfjs@3.21.0/dist/tf.min.js:16
[     712ms] [WARNING] The kernel 'MaxPool3D' for backend 'cpu' is already registered @ https://cdn.jsdelivr.net/npm/@tensorflow/tfjs@3.21.0/dist/tf.min.js:16
[     713ms] [WARNING] The kernel 'MaxPool3DGrad' for backend 'cpu' is already registered @ https://cdn.jsdelivr.net/npm/@tensorflow/tfjs@3.21.0/dist/tf.min.js:16
[     713ms] [WARNING] The kernel 'MaxPoolGrad' for backend 'cpu' is already registered @ https://cdn.jsdelivr.net/npm/@tensorflow/tfjs@3.21.0/dist/tf.min.js:16
[     713ms] [WARNING] The kernel 'MaxPoolWithArgmax' for backend 'cpu' is already registered @ https://cdn.jsdelivr.net/npm/@tensorflow/tfjs@3.21.0/dist/tf.min.js:16
[     713ms] [WARNING] The kernel 'Mean' for backend 'cpu' is already registered @ https://cdn.jsdelivr.net/npm/@tensorflow/tfjs@3.21.0/dist/tf.min.js:16
[     713ms] [WARNING] The kernel 'Min' for backend 'cpu' is already registered @ https://cdn.jsdelivr.net/npm/@tensorflow/tfjs@3.21.0/dist/tf.min.js:16
[     713ms] [WARNING] The kernel 'Minimum' for backend 'cpu' is already registered @ https://cdn.jsdelivr.net/npm/@tensorflow/tfjs@3.21.0/dist/tf.min.js:16
[     713ms] [WARNING] The kernel 'MirrorPad' for backend 'cpu' is already registered @ https://cdn.jsdelivr.net/npm/@tensorflow/tfjs@3.21.0/dist/tf.min.js:16
[     713ms] [WARNING] The kernel 'Mod' for backend 'cpu' is already registered @ https://cdn.jsdelivr.net/npm/@tensorflow/tfjs@3.21.0/dist/tf.min.js:16
[     713ms] [WARNING] The kernel 'Multinomial' for backend 'cpu' is already registered @ https://cdn.jsdelivr.net/npm/@tensorflow/tfjs@3.21.0/dist/tf.min.js:16
[     713ms] [WARNING] The kernel 'Multiply' for backend 'cpu' is already registered @ https://cdn.jsdelivr.net/npm/@tensorflow/tfjs@3.21.0/dist/tf.min.js:16
[     713ms] [WARNING] The kernel 'Neg' for backend 'cpu' is already registered @ https://cdn.jsdelivr.net/npm/@tensorflow/tfjs@3.21.0/dist/tf.min.js:16
[     713ms] [WARNING] The kernel 'NonMaxSuppressionV3' for backend 'cpu' is already registered @ https://cdn.jsdelivr.net/npm/@tensorflow/tfjs@3.21.0/dist/tf.min.js:16
[     713ms] [WARNING] The kernel 'NonMaxSuppressionV4' for backend 'cpu' is already registered @ https://cdn.jsdelivr.net/npm/@tensorflow/tfjs@3.21.0/dist/tf.min.js:16
[     713ms] [WARNING] The kernel 'NonMaxSuppressionV5' for backend 'cpu' is already registered @ https://cdn.jsdelivr.net/npm/@tensorflow/tfjs@3.21.0/dist/tf.min.js:16
[     713ms] [WARNING] The kernel 'NotEqual' for backend 'cpu' is already registered @ https://cdn.jsdelivr.net/npm/@tensorflow/tfjs@3.21.0/dist/tf.min.js:16
[     713ms] [WARNING] The kernel 'OneHot' for backend 'cpu' is already registered @ https://cdn.jsdelivr.net/npm/@tensorflow/tfjs@3.21.0/dist/tf.min.js:16
[     713ms] [WARNING] The kernel 'OnesLike' for backend 'cpu' is already registered @ https://cdn.jsdelivr.net/npm/@tensorflow/tfjs@3.21.0/dist/tf.min.js:16
[     713ms] [WARNING] The kernel 'Pack' for backend 'cpu' is already registered @ https://cdn.jsdelivr.net/npm/@tensorflow/tfjs@3.21.0/dist/tf.min.js:16
[     714ms] [WARNING] The kernel 'PadV2' for backend 'cpu' is already registered @ https://cdn.jsdelivr.net/npm/@tensorflow/tfjs@3.21.0/dist/tf.min.js:16
[     714ms] [WARNING] The kernel 'Pow' for backend 'cpu' is already registered @ https://cdn.jsdelivr.net/npm/@tensorflow/tfjs@3.21.0/dist/tf.min.js:16
[     714ms] [WARNING] The kernel 'Prelu' for backend 'cpu' is already registered @ https://cdn.jsdelivr.net/npm/@tensorflow/tfjs@3.21.0/dist/tf.min.js:16
[     714ms] [WARNING] The kernel 'Prod' for backend 'cpu' is already registered @ https://cdn.jsdelivr.net/npm/@tensorflow/tfjs@3.21.0/dist/tf.min.js:16
[     714ms] [WARNING] The kernel 'Range' for backend 'cpu' is already registered @ https://cdn.jsdelivr.net/npm/@tensorflow/tfjs@3.21.0/dist/tf.min.js:16
[     714ms] [WARNING] The kernel 'Real' for backend 'cpu' is already registered @ https://cdn.jsdelivr.net/npm/@tensorflow/tfjs@3.21.0/dist/tf.min.js:16
[     714ms] [WARNING] The kernel 'RealDiv' for backend 'cpu' is already registered @ https://cdn.jsdelivr.net/npm/@tensorflow/tfjs@3.21.0/dist/tf.min.js:16
[     714ms] [WARNING] The kernel 'Reciprocal' for backend 'cpu' is already registered @ https://cdn.jsdelivr.net/npm/@tensorflow/tfjs@3.21.0/dist/tf.min.js:16
[     714ms] [WARNING] The kernel 'Relu' for backend 'cpu' is already registered @ https://cdn.jsdelivr.net/npm/@tensorflow/tfjs@3.21.0/dist/tf.min.js:16
[     714ms] [WARNING] The kernel 'Relu6' for backend 'cpu' is already registered @ https://cdn.jsdelivr.net/npm/@tensorflow/tfjs@3.21.0/dist/tf.min.js:16
[     714ms] [WARNING] The kernel 'Reshape' for backend 'cpu' is already registered @ https://cdn.jsdelivr.net/npm/@tensorflow/tfjs@3.21.0/dist/tf.min.js:16
[     714ms] [WARNING] The kernel 'ResizeBilinear' for backend 'cpu' is already registered @ https://cdn.jsdelivr.net/npm/@tensorflow/tfjs@3.21.0/dist/tf.min.js:16
[     714ms] [WARNING] The kernel 'ResizeBilinearGrad' for backend 'cpu' is already registered @ https://cdn.jsdelivr.net/npm/@tensorflow/tfjs@3.21.0/dist/tf.min.js:16
[     714ms] [WARNING] The kernel 'ResizeNearestNeighbor' for backend 'cpu' is already registered @ https://cdn.jsdelivr.net/npm/@tensorflow/tfjs@3.21.0/dist/tf.min.js:16
[     714ms] [WARNING] The kernel 'ResizeNearestNeighborGrad' for backend 'cpu' is already registered @ https://cdn.jsdelivr.net/npm/@tensorflow/tfjs@3.21.0/dist/tf.min.js:16
[     714ms] [WARNING] The kernel 'Reverse' for backend 'cpu' is already registered @ https://cdn.jsdelivr.net/npm/@tensorflow/tfjs@3.21.0/dist/tf.min.js:16
[     714ms] [WARNING] The kernel 'RotateWithOffset' for backend 'cpu' is already registered @ https://cdn.jsdelivr.net/npm/@tensorflow/tfjs@3.21.0/dist/tf.min.js:16
[     714ms] [WARNING] The kernel 'Round' for backend 'cpu' is already registered @ https://cdn.jsdelivr.net/npm/@tensorflow/tfjs@3.21.0/dist/tf.min.js:16
[     714ms] [WARNING] The kernel 'Rsqrt' for backend 'cpu' is already registered @ https://cdn.jsdelivr.net/npm/@tensorflow/tfjs@3.21.0/dist/tf.min.js:16
[     715ms] [WARNING] The kernel 'ScatterNd' for backend 'cpu' is already registered @ https://cdn.jsdelivr.net/npm/@tensorflow/tfjs@3.21.0/dist/tf.min.js:16
[     715ms] [WARNING] The kernel 'Select' for backend 'cpu' is already registered @ https://cdn.jsdelivr.net/npm/@tensorflow/tfjs@3.21.0/dist/tf.min.js:16
[     715ms] [WARNING] The kernel 'Selu' for backend 'cpu' is already registered @ https://cdn.jsdelivr.net/npm/@tensorflow/tfjs@3.21.0/dist/tf.min.js:16
[     715ms] [WARNING] The kernel 'Sigmoid' for backend 'cpu' is already registered @ https://cdn.jsdelivr.net/npm/@tensorflow/tfjs@3.21.0/dist/tf.min.js:16
[     715ms] [WARNING] The kernel 'Sign' for backend 'cpu' is already registered @ https://cdn.jsdelivr.net/npm/@tensorflow/tfjs@3.21.0/dist/tf.min.js:16
[     715ms] [WARNING] The kernel 'Sin' for backend 'cpu' is already registered @ https://cdn.jsdelivr.net/npm/@tensorflow/tfjs@3.21.0/dist/tf.min.js:16
[     715ms] [WARNING] The kernel 'Sinh' for backend 'cpu' is already registered @ https://cdn.jsdelivr.net/npm/@tensorflow/tfjs@3.21.0/dist/tf.min.js:16
[     715ms] [WARNING] The kernel 'Slice' for backend 'cpu' is already registered @ https://cdn.jsdelivr.net/npm/@tensorflow/tfjs@3.21.0/dist/tf.min.js:16
[     715ms] [WARNING] The kernel 'Softmax' for backend 'cpu' is already registered @ https://cdn.jsdelivr.net/npm/@tensorflow/tfjs@3.21.0/dist/tf.min.js:16
[     715ms] [WARNING] The kernel 'Softplus' for backend 'cpu' is already registered @ https://cdn.jsdelivr.net/npm/@tensorflow/tfjs@3.21.0/dist/tf.min.js:16
[     715ms] [WARNING] The kernel 'SpaceToBatchND' for backend 'cpu' is already registered @ https://cdn.jsdelivr.net/npm/@tensorflow/tfjs@3.21.0/dist/tf.min.js:16
[     715ms] [WARNING] The kernel 'SparseFillEmptyRows' for backend 'cpu' is already registered @ https://cdn.jsdelivr.net/npm/@tensorflow/tfjs@3.21.0/dist/tf.min.js:16
[     715ms] [WARNING] The kernel 'SparseReshape' for backend 'cpu' is already registered @ https://cdn.jsdelivr.net/npm/@tensorflow/tfjs@3.21.0/dist/tf.min.js:16
[     715ms] [WARNING] The kernel 'SparseSegmentMean' for backend 'cpu' is already registered @ https://cdn.jsdelivr.net/npm/@tensorflow/tfjs@3.21.0/dist/tf.min.js:16
[     715ms] [WARNING] The kernel 'SparseSegmentSum' for backend 'cpu' is already registered @ https://cdn.jsdelivr.net/npm/@tensorflow/tfjs@3.21.0/dist/tf.min.js:16
[     715ms] [WARNING] The kernel 'SparseToDense' for backend 'cpu' is already registered @ https://cdn.jsdelivr.net/npm/@tensorflow/tfjs@3.21.0/dist/tf.min.js:16
[     715ms] [WARNING] The kernel 'SplitV' for backend 'cpu' is already registered @ https://cdn.jsdelivr.net/npm/@tensorflow/tfjs@3.21.0/dist/tf.min.js:16
[     715ms] [WARNING] The kernel 'Sqrt' for backend 'cpu' is already registered @ https://cdn.jsdelivr.net/npm/@tensorflow/tfjs@3.21.0/dist/tf.min.js:16
[     715ms] [WARNING] The kernel 'Square' for backend 'cpu' is already registered @ https://cdn.jsdelivr.net/npm/@tensorflow/tfjs@3.21.0/dist/tf.min.js:16
[     716ms] [WARNING] The kernel 'SquaredDifference' for backend 'cpu' is already registered @ https://cdn.jsdelivr.net/npm/@tensorflow/tfjs@3.21.0/dist/tf.min.js:16
[     716ms] [WARNING] The kernel 'Step' for backend 'cpu' is already registered @ https://cdn.jsdelivr.net/npm/@tensorflow/tfjs@3.21.0/dist/tf.min.js:16
[     716ms] [WARNING] The kernel 'StridedSlice' for backend 'cpu' is already registered @ https://cdn.jsdelivr.net/npm/@tensorflow/tfjs@3.21.0/dist/tf.min.js:16
[     716ms] [WARNING] The kernel 'StringNGrams' for backend 'cpu' is already registered @ https://cdn.jsdelivr.net/npm/@tensorflow/tfjs@3.21.0/dist/tf.min.js:16
[     716ms] [WARNING] The kernel 'StringSplit' for backend 'cpu' is already registered @ https://cdn.jsdelivr.net/npm/@tensorflow/tfjs@3.21.0/dist/tf.min.js:16
[     716ms] [WARNING] The kernel 'StringToHashBucketFast' for backend 'cpu' is already registered @ https://cdn.jsdelivr.net/npm/@tensorflow/tfjs@3.21.0/dist/tf.min.js:16
[     716ms] [WARNING] The kernel 'Sub' for backend 'cpu' is already registered @ https://cdn.jsdelivr.net/npm/@tensorflow/tfjs@3.21.0/dist/tf.min.js:16
[     716ms] [WARNING] The kernel 'Sum' for backend 'cpu' is already registered @ https://cdn.jsdelivr.net/npm/@tensorflow/tfjs@3.21.0/dist/tf.min.js:16
[     716ms] [WARNING] The kernel 'Tan' for backend 'cpu' is already registered @ https://cdn.jsdelivr.net/npm/@tensorflow/tfjs@3.21.0/dist/tf.min.js:16
[     716ms] [WARNING] The kernel 'Tanh' for backend 'cpu' is already registered @ https://cdn.jsdelivr.net/npm/@tensorflow/tfjs@3.21.0/dist/tf.min.js:16
[     716ms] [WARNING] The kernel 'Tile' for backend 'cpu' is already registered @ https://cdn.jsdelivr.net/npm/@tensorflow/tfjs@3.21.0/dist/tf.min.js:16
[     716ms] [WARNING] The kernel 'TopK' for backend 'cpu' is already registered @ https://cdn.jsdelivr.net/npm/@tensorflow/tfjs@3.21.0/dist/tf.min.js:16
[     716ms] [WARNING] The kernel 'Transform' for backend 'cpu' is already registered @ https://cdn.jsdelivr.net/npm/@tensorflow/tfjs@3.21.0/dist/tf.min.js:16
[     716ms] [WARNING] The kernel 'Transpose' for backend 'cpu' is already registered @ https://cdn.jsdelivr.net/npm/@tensorflow/tfjs@3.21.0/dist/tf.min.js:16
[     716ms] [WARNING] The kernel 'Unique' for backend 'cpu' is already registered @ https://cdn.jsdelivr.net/npm/@tensorflow/tfjs@3.21.0/dist/tf.min.js:16
[     716ms] [WARNING] The kernel 'Unpack' for backend 'cpu' is already registered @ https://cdn.jsdelivr.net/npm/@tensorflow/tfjs@3.21.0/dist/tf.min.js:16
[     716ms] [WARNING] The kernel 'UnsortedSegmentSum' for backend 'cpu' is already registered @ https://cdn.jsdelivr.net/npm/@tensorflow/tfjs@3.21.0/dist/tf.min.js:16
[     716ms] [WARNING] The kernel 'ZerosLike' for backend 'cpu' is already registered @ https://cdn.jsdelivr.net/npm/@tensorflow/tfjs@3.21.0/dist/tf.min.js:16
[     717ms] [WARNING] webgl backend was already registered. Reusing existing backend factory. @ https://cdn.jsdelivr.net/npm/nsfwjs@2.4.2/dist/nsfwjs.min.js:6676
[     717ms] [WARNING] The kernel '_FusedMatMul' for backend 'webgl' is already registered @ https://cdn.jsdelivr.net/npm/@tensorflow/tfjs@3.21.0/dist/tf.min.js:16
[     717ms] [WARNING] The kernel 'Abs' for backend 'webgl' is already registered @ https://cdn.jsdelivr.net/npm/@tensorflow/tfjs@3.21.0/dist/tf.min.js:16
[     717ms] [WARNING] The kernel 'Acos' for backend 'webgl' is already registered @ https://cdn.jsdelivr.net/npm/@tensorflow/tfjs@3.21.0/dist/tf.min.js:16
[     717ms] [WARNING] The kernel 'Acosh' for backend 'webgl' is already registered @ https://cdn.jsdelivr.net/npm/@tensorflow/tfjs@3.21.0/dist/tf.min.js:16
[     717ms] [WARNING] The kernel 'Add' for backend 'webgl' is already registered @ https://cdn.jsdelivr.net/npm/@tensorflow/tfjs@3.21.0/dist/tf.min.js:16
[     717ms] [WARNING] The kernel 'AddN' for backend 'webgl' is already registered @ https://cdn.jsdelivr.net/npm/@tensorflow/tfjs@3.21.0/dist/tf.min.js:16
[     717ms] [WARNING] The kernel 'All' for backend 'webgl' is already registered @ https://cdn.jsdelivr.net/npm/@tensorflow/tfjs@3.21.0/dist/tf.min.js:16
[     717ms] [WARNING] The kernel 'Any' for backend 'webgl' is already registered @ https://cdn.jsdelivr.net/npm/@tensorflow/tfjs@3.21.0/dist/tf.min.js:16
[     718ms] [WARNING] The kernel 'ArgMax' for backend 'webgl' is already registered @ https://cdn.jsdelivr.net/npm/@tensorflow/tfjs@3.21.0/dist/tf.min.js:16
[     718ms] [WARNING] The kernel 'ArgMin' for backend 'webgl' is already registered @ https://cdn.jsdelivr.net/npm/@tensorflow/tfjs@3.21.0/dist/tf.min.js:16
[     718ms] [WARNING] The kernel 'Asin' for backend 'webgl' is already registered @ https://cdn.jsdelivr.net/npm/@tensorflow/tfjs@3.21.0/dist/tf.min.js:16
[     718ms] [WARNING] The kernel 'Asinh' for backend 'webgl' is already registered @ https://cdn.jsdelivr.net/npm/@tensorflow/tfjs@3.21.0/dist/tf.min.js:16
[     718ms] [WARNING] The kernel 'Atan' for backend 'webgl' is already registered @ https://cdn.jsdelivr.net/npm/@tensorflow/tfjs@3.21.0/dist/tf.min.js:16
[     718ms] [WARNING] The kernel 'Atan2' for backend 'webgl' is already registered @ https://cdn.jsdelivr.net/npm/@tensorflow/tfjs@3.21.0/dist/tf.min.js:16
[     718ms] [WARNING] The kernel 'Atanh' for backend 'webgl' is already registered @ https://cdn.jsdelivr.net/npm/@tensorflow/tfjs@3.21.0/dist/tf.min.js:16
[     718ms] [WARNING] The kernel 'AvgPool' for backend 'webgl' is already registered @ https://cdn.jsdelivr.net/npm/@tensorflow/tfjs@3.21.0/dist/tf.min.js:16
[     718ms] [WARNING] The kernel 'AvgPool3D' for backend 'webgl' is already registered @ https://cdn.jsdelivr.net/npm/@tensorflow/tfjs@3.21.0/dist/tf.min.js:16
[     718ms] [WARNING] The kernel 'AvgPool3DGrad' for backend 'webgl' is already registered @ https://cdn.jsdelivr.net/npm/@tensorflow/tfjs@3.21.0/dist/tf.min.js:16
[     718ms] [WARNING] The kernel 'AvgPoolGrad' for backend 'webgl' is already registered @ https://cdn.jsdelivr.net/npm/@tensorflow/tfjs@3.21.0/dist/tf.min.js:16
[     718ms] [WARNING] The kernel 'BatchMatMul' for backend 'webgl' is already registered @ https://cdn.jsdelivr.net/npm/@tensorflow/tfjs@3.21.0/dist/tf.min.js:16
[     718ms] [WARNING] The kernel 'FusedBatchNorm' for backend 'webgl' is already registered @ https://cdn.jsdelivr.net/npm/@tensorflow/tfjs@3.21.0/dist/tf.min.js:16
[     718ms] [WARNING] The kernel 'BatchToSpaceND' for backend 'webgl' is already registered @ https://cdn.jsdelivr.net/npm/@tensorflow/tfjs@3.21.0/dist/tf.min.js:16
[     718ms] [WARNING] The kernel 'Bincount' for backend 'webgl' is already registered @ https://cdn.jsdelivr.net/npm/@tensorflow/tfjs@3.21.0/dist/tf.min.js:16
[     718ms] [WARNING] The kernel 'Cast' for backend 'webgl' is already registered @ https://cdn.jsdelivr.net/npm/@tensorflow/tfjs@3.21.0/dist/tf.min.js:16
[     718ms] [WARNING] The kernel 'Ceil' for backend 'webgl' is already registered @ https://cdn.jsdelivr.net/npm/@tensorflow/tfjs@3.21.0/dist/tf.min.js:16
[     718ms] [WARNING] The kernel 'ClipByValue' for backend 'webgl' is already registered @ https://cdn.jsdelivr.net/npm/@tensorflow/tfjs@3.21.0/dist/tf.min.js:16
[     718ms] [WARNING] The kernel 'Complex' for backend 'webgl' is already registered @ https://cdn.jsdelivr.net/npm/@tensorflow/tfjs@3.21.0/dist/tf.min.js:16
[     719ms] [WARNING] The kernel 'ComplexAbs' for backend 'webgl' is already registered @ https://cdn.jsdelivr.net/npm/@tensorflow/tfjs@3.21.0/dist/tf.min.js:16
[     719ms] [WARNING] The kernel 'Concat' for backend 'webgl' is already registered @ https://cdn.jsdelivr.net/npm/@tensorflow/tfjs@3.21.0/dist/tf.min.js:16
[     719ms] [WARNING] The kernel 'Conv2D' for backend 'webgl' is already registered @ https://cdn.jsdelivr.net/npm/@tensorflow/tfjs@3.21.0/dist/tf.min.js:16
[     719ms] [WARNING] The kernel 'Conv2DBackpropFilter' for backend 'webgl' is already registered @ https://cdn.jsdelivr.net/npm/@tensorflow/tfjs@3.21.0/dist/tf.min.js:16
[     719ms] [WARNING] The kernel 'Conv2DBackpropInput' for backend 'webgl' is already registered @ https://cdn.jsdelivr.net/npm/@tensorflow/tfjs@3.21.0/dist/tf.min.js:16
[     719ms] [WARNING] The kernel 'Conv3D' for backend 'webgl' is already registered @ https://cdn.jsdelivr.net/npm/@tensorflow/tfjs@3.21.0/dist/tf.min.js:16
[     719ms] [WARNING] The kernel 'Conv3DBackpropFilterV2' for backend 'webgl' is already registered @ https://cdn.jsdelivr.net/npm/@tensorflow/tfjs@3.21.0/dist/tf.min.js:16
[     719ms] [WARNING] The kernel 'Conv3DBackpropInputV2' for backend 'webgl' is already registered @ https://cdn.jsdelivr.net/npm/@tensorflow/tfjs@3.21.0/dist/tf.min.js:16
[     719ms] [WARNING] The kernel 'Cos' for backend 'webgl' is already registered @ https://cdn.jsdelivr.net/npm/@tensorflow/tfjs@3.21.0/dist/tf.min.js:16
[     719ms] [WARNING] The kernel 'Cosh' for backend 'webgl' is already registered @ https://cdn.jsdelivr.net/npm/@tensorflow/tfjs@3.21.0/dist/tf.min.js:16
[     719ms] [WARNING] The kernel 'CropAndResize' for backend 'webgl' is already registered @ https://cdn.jsdelivr.net/npm/@tensorflow/tfjs@3.21.0/dist/tf.min.js:16
[     719ms] [WARNING] The kernel 'Cumsum' for backend 'webgl' is already registered @ https://cdn.jsdelivr.net/npm/@tensorflow/tfjs@3.21.0/dist/tf.min.js:16
[     719ms] [WARNING] The kernel 'DenseBincount' for backend 'webgl' is already registered @ https://cdn.jsdelivr.net/npm/@tensorflow/tfjs@3.21.0/dist/tf.min.js:16
[     719ms] [WARNING] The kernel 'DepthToSpace' for backend 'webgl' is already registered @ https://cdn.jsdelivr.net/npm/@tensorflow/tfjs@3.21.0/dist/tf.min.js:16
[     719ms] [WARNING] The kernel 'DepthwiseConv2dNative' for backend 'webgl' is already registered @ https://cdn.jsdelivr.net/npm/@tensorflow/tfjs@3.21.0/dist/tf.min.js:16
[     719ms] [WARNING] The kernel 'DepthwiseConv2dNativeBackpropFilter' for backend 'webgl' is already registered @ https://cdn.jsdelivr.net/npm/@tensorflow/tfjs@3.21.0/dist/tf.min.js:16
[     719ms] [WARNING] The kernel 'DepthwiseConv2dNativeBackpropInput' for backend 'webgl' is already registered @ https://cdn.jsdelivr.net/npm/@tensorflow/tfjs@3.21.0/dist/tf.min.js:16
[     719ms] [WARNING] The kernel 'Diag' for backend 'webgl' is already registered @ https://cdn.jsdelivr.net/npm/@tensorflow/tfjs@3.21.0/dist/tf.min.js:16
[     720ms] [WARNING] The kernel 'Dilation2D' for backend 'webgl' is already registered @ https://cdn.jsdelivr.net/npm/@tensorflow/tfjs@3.21.0/dist/tf.min.js:16
[     720ms] [WARNING] The kernel 'Einsum' for backend 'webgl' is already registered @ https://cdn.jsdelivr.net/npm/@tensorflow/tfjs@3.21.0/dist/tf.min.js:16
[     720ms] [WARNING] The kernel 'Elu' for backend 'webgl' is already registered @ https://cdn.jsdelivr.net/npm/@tensorflow/tfjs@3.21.0/dist/tf.min.js:16
[     720ms] [WARNING] The kernel 'EluGrad' for backend 'webgl' is already registered @ https://cdn.jsdelivr.net/npm/@tensorflow/tfjs@3.21.0/dist/tf.min.js:16
[     720ms] [WARNING] The kernel 'Equal' for backend 'webgl' is already registered @ https://cdn.jsdelivr.net/npm/@tensorflow/tfjs@3.21.0/dist/tf.min.js:16
[     720ms] [WARNING] The kernel 'Erf' for backend 'webgl' is already registered @ https://cdn.jsdelivr.net/npm/@tensorflow/tfjs@3.21.0/dist/tf.min.js:16
[     720ms] [WARNING] The kernel 'Exp' for backend 'webgl' is already registered @ https://cdn.jsdelivr.net/npm/@tensorflow/tfjs@3.21.0/dist/tf.min.js:16
[     720ms] [WARNING] The kernel 'ExpandDims' for backend 'webgl' is already registered @ https://cdn.jsdelivr.net/npm/@tensorflow/tfjs@3.21.0/dist/tf.min.js:16
[     720ms] [WARNING] The kernel 'Expm1' for backend 'webgl' is already registered @ https://cdn.jsdelivr.net/npm/@tensorflow/tfjs@3.21.0/dist/tf.min.js:16
[     720ms] [WARNING] The kernel 'FFT' for backend 'webgl' is already registered @ https://cdn.jsdelivr.net/npm/@tensorflow/tfjs@3.21.0/dist/tf.min.js:16
[     720ms] [WARNING] The kernel 'Fill' for backend 'webgl' is already registered @ https://cdn.jsdelivr.net/npm/@tensorflow/tfjs@3.21.0/dist/tf.min.js:16
[     720ms] [WARNING] The kernel 'FlipLeftRight' for backend 'webgl' is already registered @ https://cdn.jsdelivr.net/npm/@tensorflow/tfjs@3.21.0/dist/tf.min.js:16
[     720ms] [WARNING] The kernel 'Floor' for backend 'webgl' is already registered @ https://cdn.jsdelivr.net/npm/@tensorflow/tfjs@3.21.0/dist/tf.min.js:16
[     720ms] [WARNING] The kernel 'FloorDiv' for backend 'webgl' is already registered @ https://cdn.jsdelivr.net/npm/@tensorflow/tfjs@3.21.0/dist/tf.min.js:16
[     720ms] [WARNING] The kernel 'FromPixels' for backend 'webgl' is already registered @ https://cdn.jsdelivr.net/npm/@tensorflow/tfjs@3.21.0/dist/tf.min.js:16
[     720ms] [WARNING] The kernel 'FusedConv2D' for backend 'webgl' is already registered @ https://cdn.jsdelivr.net/npm/@tensorflow/tfjs@3.21.0/dist/tf.min.js:16
[     720ms] [WARNING] The kernel 'FusedDepthwiseConv2D' for backend 'webgl' is already registered @ https://cdn.jsdelivr.net/npm/@tensorflow/tfjs@3.21.0/dist/tf.min.js:16
[     720ms] [WARNING] The kernel 'GatherNd' for backend 'webgl' is already registered @ https://cdn.jsdelivr.net/npm/@tensorflow/tfjs@3.21.0/dist/tf.min.js:16
[     720ms] [WARNING] The kernel 'GatherV2' for backend 'webgl' is already registered @ https://cdn.jsdelivr.net/npm/@tensorflow/tfjs@3.21.0/dist/tf.min.js:16
[     721ms] [WARNING] The kernel 'Greater' for backend 'webgl' is already registered @ https://cdn.jsdelivr.net/npm/@tensorflow/tfjs@3.21.0/dist/tf.min.js:16
[     721ms] [WARNING] The kernel 'GreaterEqual' for backend 'webgl' is already registered @ https://cdn.jsdelivr.net/npm/@tensorflow/tfjs@3.21.0/dist/tf.min.js:16
[     721ms] [WARNING] The kernel 'Identity' for backend 'webgl' is already registered @ https://cdn.jsdelivr.net/npm/@tensorflow/tfjs@3.21.0/dist/tf.min.js:16
[     721ms] [WARNING] The kernel 'IFFT' for backend 'webgl' is already registered @ https://cdn.jsdelivr.net/npm/@tensorflow/tfjs@3.21.0/dist/tf.min.js:16
[     721ms] [WARNING] The kernel 'Imag' for backend 'webgl' is already registered @ https://cdn.jsdelivr.net/npm/@tensorflow/tfjs@3.21.0/dist/tf.min.js:16
[     721ms] [WARNING] The kernel 'IsFinite' for backend 'webgl' is already registered @ https://cdn.jsdelivr.net/npm/@tensorflow/tfjs@3.21.0/dist/tf.min.js:16
[     721ms] [WARNING] The kernel 'IsInf' for backend 'webgl' is already registered @ https://cdn.jsdelivr.net/npm/@tensorflow/tfjs@3.21.0/dist/tf.min.js:16
[     721ms] [WARNING] The kernel 'IsNan' for backend 'webgl' is already registered @ https://cdn.jsdelivr.net/npm/@tensorflow/tfjs@3.21.0/dist/tf.min.js:16
[     721ms] [WARNING] The kernel 'LeakyRelu' for backend 'webgl' is already registered @ https://cdn.jsdelivr.net/npm/@tensorflow/tfjs@3.21.0/dist/tf.min.js:16
[     721ms] [WARNING] The kernel 'Less' for backend 'webgl' is already registered @ https://cdn.jsdelivr.net/npm/@tensorflow/tfjs@3.21.0/dist/tf.min.js:16
[     721ms] [WARNING] The kernel 'LessEqual' for backend 'webgl' is already registered @ https://cdn.jsdelivr.net/npm/@tensorflow/tfjs@3.21.0/dist/tf.min.js:16
[     721ms] [WARNING] The kernel 'LinSpace' for backend 'webgl' is already registered @ https://cdn.jsdelivr.net/npm/@tensorflow/tfjs@3.21.0/dist/tf.min.js:16
[     721ms] [WARNING] The kernel 'Log' for backend 'webgl' is already registered @ https://cdn.jsdelivr.net/npm/@tensorflow/tfjs@3.21.0/dist/tf.min.js:16
[     721ms] [WARNING] The kernel 'Log1p' for backend 'webgl' is already registered @ https://cdn.jsdelivr.net/npm/@tensorflow/tfjs@3.21.0/dist/tf.min.js:16
[     721ms] [WARNING] The kernel 'LogicalAnd' for backend 'webgl' is already registered @ https://cdn.jsdelivr.net/npm/@tensorflow/tfjs@3.21.0/dist/tf.min.js:16
[     721ms] [WARNING] The kernel 'LogicalNot' for backend 'webgl' is already registered @ https://cdn.jsdelivr.net/npm/@tensorflow/tfjs@3.21.0/dist/tf.min.js:16
[     721ms] [WARNING] The kernel 'LogicalOr' for backend 'webgl' is already registered @ https://cdn.jsdelivr.net/npm/@tensorflow/tfjs@3.21.0/dist/tf.min.js:16
[     721ms] [WARNING] The kernel 'LRN' for backend 'webgl' is already registered @ https://cdn.jsdelivr.net/npm/@tensorflow/tfjs@3.21.0/dist/tf.min.js:16
[     721ms] [WARNING] The kernel 'LRNGrad' for backend 'webgl' is already registered @ https://cdn.jsdelivr.net/npm/@tensorflow/tfjs@3.21.0/dist/tf.min.js:16
[     722ms] [WARNING] The kernel 'Max' for backend 'webgl' is already registered @ https://cdn.jsdelivr.net/npm/@tensorflow/tfjs@3.21.0/dist/tf.min.js:16
[     722ms] [WARNING] The kernel 'Maximum' for backend 'webgl' is already registered @ https://cdn.jsdelivr.net/npm/@tensorflow/tfjs@3.21.0/dist/tf.min.js:16
[     722ms] [WARNING] The kernel 'MaxPool' for backend 'webgl' is already registered @ https://cdn.jsdelivr.net/npm/@tensorflow/tfjs@3.21.0/dist/tf.min.js:16
[     722ms] [WARNING] The kernel 'MaxPool3D' for backend 'webgl' is already registered @ https://cdn.jsdelivr.net/npm/@tensorflow/tfjs@3.21.0/dist/tf.min.js:16
[     722ms] [WARNING] The kernel 'MaxPool3DGrad' for backend 'webgl' is already registered @ https://cdn.jsdelivr.net/npm/@tensorflow/tfjs@3.21.0/dist/tf.min.js:16
[     722ms] [WARNING] The kernel 'MaxPoolGrad' for backend 'webgl' is already registered @ https://cdn.jsdelivr.net/npm/@tensorflow/tfjs@3.21.0/dist/tf.min.js:16
[     722ms] [WARNING] The kernel 'MaxPoolWithArgmax' for backend 'webgl' is already registered @ https://cdn.jsdelivr.net/npm/@tensorflow/tfjs@3.21.0/dist/tf.min.js:16
[     722ms] [WARNING] The kernel 'Mean' for backend 'webgl' is already registered @ https://cdn.jsdelivr.net/npm/@tensorflow/tfjs@3.21.0/dist/tf.min.js:16
[     722ms] [WARNING] The kernel 'Min' for backend 'webgl' is already registered @ https://cdn.jsdelivr.net/npm/@tensorflow/tfjs@3.21.0/dist/tf.min.js:16
[     722ms] [WARNING] The kernel 'Minimum' for backend 'webgl' is already registered @ https://cdn.jsdelivr.net/npm/@tensorflow/tfjs@3.21.0/dist/tf.min.js:16
[     722ms] [WARNING] The kernel 'MirrorPad' for backend 'webgl' is already registered @ https://cdn.jsdelivr.net/npm/@tensorflow/tfjs@3.21.0/dist/tf.min.js:16
[     722ms] [WARNING] The kernel 'Mod' for backend 'webgl' is already registered @ https://cdn.jsdelivr.net/npm/@tensorflow/tfjs@3.21.0/dist/tf.min.js:16
[     722ms] [WARNING] The kernel 'Multinomial' for backend 'webgl' is already registered @ https://cdn.jsdelivr.net/npm/@tensorflow/tfjs@3.21.0/dist/tf.min.js:16
[     722ms] [WARNING] The kernel 'Multiply' for backend 'webgl' is already registered @ https://cdn.jsdelivr.net/npm/@tensorflow/tfjs@3.21.0/dist/tf.min.js:16
[     722ms] [WARNING] The kernel 'Neg' for backend 'webgl' is already registered @ https://cdn.jsdelivr.net/npm/@tensorflow/tfjs@3.21.0/dist/tf.min.js:16
[     722ms] [WARNING] The kernel 'NonMaxSuppressionV3' for backend 'webgl' is already registered @ https://cdn.jsdelivr.net/npm/@tensorflow/tfjs@3.21.0/dist/tf.min.js:16
[     722ms] [WARNING] The kernel 'NonMaxSuppressionV4' for backend 'webgl' is already registered @ https://cdn.jsdelivr.net/npm/@tensorflow/tfjs@3.21.0/dist/tf.min.js:16
[     722ms] [WARNING] The kernel 'NonMaxSuppressionV5' for backend 'webgl' is already registered @ https://cdn.jsdelivr.net/npm/@tensorflow/tfjs@3.21.0/dist/tf.min.js:16
[     722ms] [WARNING] The kernel 'NotEqual' for backend 'webgl' is already registered @ https://cdn.jsdelivr.net/npm/@tensorflow/tfjs@3.21.0/dist/tf.min.js:16
[     723ms] [WARNING] The kernel 'OneHot' for backend 'webgl' is already registered @ https://cdn.jsdelivr.net/npm/@tensorflow/tfjs@3.21.0/dist/tf.min.js:16
[     723ms] [WARNING] The kernel 'OnesLike' for backend 'webgl' is already registered @ https://cdn.jsdelivr.net/npm/@tensorflow/tfjs@3.21.0/dist/tf.min.js:16
[     723ms] [WARNING] The kernel 'Pack' for backend 'webgl' is already registered @ https://cdn.jsdelivr.net/npm/@tensorflow/tfjs@3.21.0/dist/tf.min.js:16
[     723ms] [WARNING] The kernel 'PadV2' for backend 'webgl' is already registered @ https://cdn.jsdelivr.net/npm/@tensorflow/tfjs@3.21.0/dist/tf.min.js:16
[     723ms] [WARNING] The kernel 'Pow' for backend 'webgl' is already registered @ https://cdn.jsdelivr.net/npm/@tensorflow/tfjs@3.21.0/dist/tf.min.js:16
[     723ms] [WARNING] The kernel 'Prelu' for backend 'webgl' is already registered @ https://cdn.jsdelivr.net/npm/@tensorflow/tfjs@3.21.0/dist/tf.min.js:16
[     723ms] [WARNING] The kernel 'Prod' for backend 'webgl' is already registered @ https://cdn.jsdelivr.net/npm/@tensorflow/tfjs@3.21.0/dist/tf.min.js:16
[     723ms] [WARNING] The kernel 'Range' for backend 'webgl' is already registered @ https://cdn.jsdelivr.net/npm/@tensorflow/tfjs@3.21.0/dist/tf.min.js:16
[     723ms] [WARNING] The kernel 'Real' for backend 'webgl' is already registered @ https://cdn.jsdelivr.net/npm/@tensorflow/tfjs@3.21.0/dist/tf.min.js:16
[     723ms] [WARNING] The kernel 'RealDiv' for backend 'webgl' is already registered @ https://cdn.jsdelivr.net/npm/@tensorflow/tfjs@3.21.0/dist/tf.min.js:16
[     723ms] [WARNING] The kernel 'Reciprocal' for backend 'webgl' is already registered @ https://cdn.jsdelivr.net/npm/@tensorflow/tfjs@3.21.0/dist/tf.min.js:16
[     723ms] [WARNING] The kernel 'Relu' for backend 'webgl' is already registered @ https://cdn.jsdelivr.net/npm/@tensorflow/tfjs@3.21.0/dist/tf.min.js:16
[     723ms] [WARNING] The kernel 'Relu6' for backend 'webgl' is already registered @ https://cdn.jsdelivr.net/npm/@tensorflow/tfjs@3.21.0/dist/tf.min.js:16
[     723ms] [WARNING] The kernel 'Reshape' for backend 'webgl' is already registered @ https://cdn.jsdelivr.net/npm/@tensorflow/tfjs@3.21.0/dist/tf.min.js:16
[     723ms] [WARNING] The kernel 'ResizeBilinear' for backend 'webgl' is already registered @ https://cdn.jsdelivr.net/npm/@tensorflow/tfjs@3.21.0/dist/tf.min.js:16
[     723ms] [WARNING] The kernel 'ResizeBilinearGrad' for backend 'webgl' is already registered @ https://cdn.jsdelivr.net/npm/@tensorflow/tfjs@3.21.0/dist/tf.min.js:16
[     723ms] [WARNING] The kernel 'ResizeNearestNeighbor' for backend 'webgl' is already registered @ https://cdn.jsdelivr.net/npm/@tensorflow/tfjs@3.21.0/dist/tf.min.js:16
[     723ms] [WARNING] The kernel 'ResizeNearestNeighborGrad' for backend 'webgl' is already registered @ https://cdn.jsdelivr.net/npm/@tensorflow/tfjs@3.21.0/dist/tf.min.js:16
[     723ms] [WARNING] The kernel 'Reverse' for backend 'webgl' is already registered @ https://cdn.jsdelivr.net/npm/@tensorflow/tfjs@3.21.0/dist/tf.min.js:16
[     724ms] [WARNING] The kernel 'RotateWithOffset' for backend 'webgl' is already registered @ https://cdn.jsdelivr.net/npm/@tensorflow/tfjs@3.21.0/dist/tf.min.js:16
[     724ms] [WARNING] The kernel 'Round' for backend 'webgl' is already registered @ https://cdn.jsdelivr.net/npm/@tensorflow/tfjs@3.21.0/dist/tf.min.js:16
[     724ms] [WARNING] The kernel 'Rsqrt' for backend 'webgl' is already registered @ https://cdn.jsdelivr.net/npm/@tensorflow/tfjs@3.21.0/dist/tf.min.js:16
[     724ms] [WARNING] The kernel 'ScatterNd' for backend 'webgl' is already registered @ https://cdn.jsdelivr.net/npm/@tensorflow/tfjs@3.21.0/dist/tf.min.js:16
[     724ms] [WARNING] The kernel 'Select' for backend 'webgl' is already registered @ https://cdn.jsdelivr.net/npm/@tensorflow/tfjs@3.21.0/dist/tf.min.js:16
[     724ms] [WARNING] The kernel 'Selu' for backend 'webgl' is already registered @ https://cdn.jsdelivr.net/npm/@tensorflow/tfjs@3.21.0/dist/tf.min.js:16
[     724ms] [WARNING] The kernel 'Sigmoid' for backend 'webgl' is already registered @ https://cdn.jsdelivr.net/npm/@tensorflow/tfjs@3.21.0/dist/tf.min.js:16
[     724ms] [WARNING] The kernel 'Sign' for backend 'webgl' is already registered @ https://cdn.jsdelivr.net/npm/@tensorflow/tfjs@3.21.0/dist/tf.min.js:16
[     724ms] [WARNING] The kernel 'Sin' for backend 'webgl' is already registered @ https://cdn.jsdelivr.net/npm/@tensorflow/tfjs@3.21.0/dist/tf.min.js:16
[     724ms] [WARNING] The kernel 'Sinh' for backend 'webgl' is already registered @ https://cdn.jsdelivr.net/npm/@tensorflow/tfjs@3.21.0/dist/tf.min.js:16
[     724ms] [WARNING] The kernel 'Slice' for backend 'webgl' is already registered @ https://cdn.jsdelivr.net/npm/@tensorflow/tfjs@3.21.0/dist/tf.min.js:16
[     724ms] [WARNING] The kernel 'Softmax' for backend 'webgl' is already registered @ https://cdn.jsdelivr.net/npm/@tensorflow/tfjs@3.21.0/dist/tf.min.js:16
[     724ms] [WARNING] The kernel 'Softplus' for backend 'webgl' is already registered @ https://cdn.jsdelivr.net/npm/@tensorflow/tfjs@3.21.0/dist/tf.min.js:16
[     724ms] [WARNING] The kernel 'SpaceToBatchND' for backend 'webgl' is already registered @ https://cdn.jsdelivr.net/npm/@tensorflow/tfjs@3.21.0/dist/tf.min.js:16
[     724ms] [WARNING] The kernel 'SparseFillEmptyRows' for backend 'webgl' is already registered @ https://cdn.jsdelivr.net/npm/@tensorflow/tfjs@3.21.0/dist/tf.min.js:16
[     724ms] [WARNING] The kernel 'SparseReshape' for backend 'webgl' is already registered @ https://cdn.jsdelivr.net/npm/@tensorflow/tfjs@3.21.0/dist/tf.min.js:16
[     724ms] [WARNING] The kernel 'SparseSegmentMean' for backend 'webgl' is already registered @ https://cdn.jsdelivr.net/npm/@tensorflow/tfjs@3.21.0/dist/tf.min.js:16
[     724ms] [WARNING] The kernel 'SparseSegmentSum' for backend 'webgl' is already registered @ https://cdn.jsdelivr.net/npm/@tensorflow/tfjs@3.21.0/dist/tf.min.js:16
[     724ms] [WARNING] The kernel 'SparseToDense' for backend 'webgl' is already registered @ https://cdn.jsdelivr.net/npm/@tensorflow/tfjs@3.21.0/dist/tf.min.js:16
[     725ms] [WARNING] The kernel 'SplitV' for backend 'webgl' is already registered @ https://cdn.jsdelivr.net/npm/@tensorflow/tfjs@3.21.0/dist/tf.min.js:16
[     725ms] [WARNING] The kernel 'Sqrt' for backend 'webgl' is already registered @ https://cdn.jsdelivr.net/npm/@tensorflow/tfjs@3.21.0/dist/tf.min.js:16
[     725ms] [WARNING] The kernel 'Square' for backend 'webgl' is already registered @ https://cdn.jsdelivr.net/npm/@tensorflow/tfjs@3.21.0/dist/tf.min.js:16
[     725ms] [WARNING] The kernel 'SquaredDifference' for backend 'webgl' is already registered @ https://cdn.jsdelivr.net/npm/@tensorflow/tfjs@3.21.0/dist/tf.min.js:16
[     725ms] [WARNING] The kernel 'Step' for backend 'webgl' is already registered @ https://cdn.jsdelivr.net/npm/@tensorflow/tfjs@3.21.0/dist/tf.min.js:16
[     725ms] [WARNING] The kernel 'StridedSlice' for backend 'webgl' is already registered @ https://cdn.jsdelivr.net/npm/@tensorflow/tfjs@3.21.0/dist/tf.min.js:16
[     725ms] [WARNING] The kernel 'StringNGrams' for backend 'webgl' is already registered @ https://cdn.jsdelivr.net/npm/@tensorflow/tfjs@3.21.0/dist/tf.min.js:16
[     725ms] [WARNING] The kernel 'StringSplit' for backend 'webgl' is already registered @ https://cdn.jsdelivr.net/npm/@tensorflow/tfjs@3.21.0/dist/tf.min.js:16
[     725ms] [WARNING] The kernel 'StringToHashBucketFast' for backend 'webgl' is already registered @ https://cdn.jsdelivr.net/npm/@tensorflow/tfjs@3.21.0/dist/tf.min.js:16
[     725ms] [WARNING] The kernel 'Sub' for backend 'webgl' is already registered @ https://cdn.jsdelivr.net/npm/@tensorflow/tfjs@3.21.0/dist/tf.min.js:16
[     725ms] [WARNING] The kernel 'Sum' for backend 'webgl' is already registered @ https://cdn.jsdelivr.net/npm/@tensorflow/tfjs@3.21.0/dist/tf.min.js:16
[     725ms] [WARNING] The kernel 'Tan' for backend 'webgl' is already registered @ https://cdn.jsdelivr.net/npm/@tensorflow/tfjs@3.21.0/dist/tf.min.js:16
[     725ms] [WARNING] The kernel 'Tanh' for backend 'webgl' is already registered @ https://cdn.jsdelivr.net/npm/@tensorflow/tfjs@3.21.0/dist/tf.min.js:16
[     725ms] [WARNING] The kernel 'Tile' for backend 'webgl' is already registered @ https://cdn.jsdelivr.net/npm/@tensorflow/tfjs@3.21.0/dist/tf.min.js:16
[     725ms] [WARNING] The kernel 'TopK' for backend 'webgl' is already registered @ https://cdn.jsdelivr.net/npm/@tensorflow/tfjs@3.21.0/dist/tf.min.js:16
[     725ms] [WARNING] The kernel 'Transform' for backend 'webgl' is already registered @ https://cdn.jsdelivr.net/npm/@tensorflow/tfjs@3.21.0/dist/tf.min.js:16
[     725ms] [WARNING] The kernel 'Transpose' for backend 'webgl' is already registered @ https://cdn.jsdelivr.net/npm/@tensorflow/tfjs@3.21.0/dist/tf.min.js:16
[     725ms] [WARNING] The kernel 'Unique' for backend 'webgl' is already registered @ https://cdn.jsdelivr.net/npm/@tensorflow/tfjs@3.21.0/dist/tf.min.js:16
[     725ms] [WARNING] The kernel 'Unpack' for backend 'webgl' is already registered @ https://cdn.jsdelivr.net/npm/@tensorflow/tfjs@3.21.0/dist/tf.min.js:16
[     726ms] [WARNING] The kernel 'UnsortedSegmentSum' for backend 'webgl' is already registered @ https://cdn.jsdelivr.net/npm/@tensorflow/tfjs@3.21.0/dist/tf.min.js:16
[     726ms] [WARNING] The kernel 'ZerosLike' for backend 'webgl' is already registered @ https://cdn.jsdelivr.net/npm/@tensorflow/tfjs@3.21.0/dist/tf.min.js:16
